092824 11 06 24 PM: INFO: Loading URL: http://localhost/ecommerce_project/shop/ and launching browser
092824 11 06 24 PM: INFO: --------------------data driven valid login---------------------
092824 11 06 24 PM: INFO: Executing test case ID: test_ddt_user_login
092824 11 06 24 PM: INFO: Number of rows in login_cred file: 4
092824 11 06 24 PM: DEBUG: Home page object created
092824 11 06 28 PM: DEBUG: My Account login page object created
092824 11 06 28 PM: DEBUG: Logging in with user:demo12@gmail.com   and pass: Demo1234@  
092824 11 06 33 PM: DEBUG: User: demo12@gmail.com   has been logged in successfully
092824 11 06 33 PM: INFO: Test case has been executed successfully, test result: PASS
092824 11 06 36 PM: INFO: User is already logged in.
092824 11 06 43 PM: DEBUG: Logging out to perform next login attempt
092824 11 06 43 PM: DEBUG: calling logout method of TestLogOut class
092824 11 06 43 PM: DEBUG: Logging in with user:qe265p@yahoo.com and pass: Demo1234@  
092824 11 06 49 PM: DEBUG: User: qe265p@yahoo.com has been logged in successfully
092824 11 06 49 PM: INFO: Test case has been executed successfully, test result: PASS
092824 11 06 52 PM: INFO: User is already logged in.
092824 11 06 59 PM: DEBUG: Logging out to perform next login attempt
092824 11 06 59 PM: DEBUG: calling logout method of TestLogOut class
092824 11 06 59 PM: DEBUG: Logging in with user:qe2p@yahoo.com and pass: wrong_pass  
092824 11 07 02 PM: DEBUG: Invalid Login, User: qe2p@yahoo.com is invalid.
092824 11 07 02 PM: INFO: Test case has been executed successfully, test result: PASS
